Using pre-set license
Built from '2021.3/staging' branch; Version is '2021.3.9f1 (ad3870b89536) revision 11352176'; Using compiler version '192829333'; Build Type 'Release'
OS: 'Windows 10  (10.0.19044) 64bit Education' Language: 'en' Physical Memory: 16165 MB
BatchMode: 1, IsHumanControllingUs: 0, StartBugReporterOnCrash: 0, Is64bit: 1, IsPro: 1

COMMAND LINE ARGUMENTS:
C:\Program Files\Unity\Hub\Editor\2021.3.9f1\Editor\Unity.exe
-adb2
-batchMode
-noUpm
-name
AssetImportWorker0
-projectPath
C:/Users/m.sah/Documents/Unit-2-Project/Project D
-logFile
Logs/AssetImportWorker0.log
-srvPort
65096
Successfully changed project path to: C:/Users/m.sah/Documents/Unit-2-Project/Project D
C:/Users/m.sah/Documents/Unit-2-Project/Project D
[UnityMemory] Configuration Parameters - Can be set up in boot.config
    "memorysetup-bucket-allocator-granularity=16"
    "memorysetup-bucket-allocator-bucket-count=8"
    "memorysetup-bucket-allocator-block-size=33554432"
    "memorysetup-bucket-allocator-block-count=8"
    "memorysetup-main-allocator-block-size=16777216"
    "memorysetup-thread-allocator-block-size=16777216"
    "memorysetup-gfx-main-allocator-block-size=16777216"
    "memorysetup-gfx-thread-allocator-block-size=16777216"
    "memorysetup-cache-allocator-block-size=4194304"
    "memorysetup-typetree-allocator-block-size=2097152"
    "memorysetup-profiler-bucket-allocator-granularity=16"
    "memorysetup-profiler-bucket-allocator-bucket-count=8"
    "memorysetup-profiler-bucket-allocator-block-size=33554432"
    "memorysetup-profiler-bucket-allocator-block-count=8"
    "memorysetup-profiler-allocator-block-size=16777216"
    "memorysetup-profiler-editor-allocator-block-size=1048576"
    "memorysetup-temp-allocator-size-main=16777216"
    "memorysetup-job-temp-allocator-block-size=2097152"
    "memorysetup-job-temp-allocator-block-size-background=1048576"
    "memorysetup-job-temp-allocator-reduction-small-platforms=262144"
    "memorysetup-temp-allocator-size-background-worker=32768"
    "memorysetup-temp-allocator-size-job-worker=262144"
    "memorysetup-temp-allocator-size-preload-manager=33554432"
    "memorysetup-temp-allocator-size-nav-mesh-worker=65536"
    "memorysetup-temp-allocator-size-audio-worker=65536"
    "memorysetup-temp-allocator-size-cloud-worker=32768"
    "memorysetup-temp-allocator-size-gi-baking-worker=262144"
    "memorysetup-temp-allocator-size-gfx=262144"
Refreshing native plugins compatible for Editor in 74.56 ms, found 3 plugins.
Preloading 0 native plugins for Editor in 0.00 ms.
Initialize engine version: 2021.3.9f1 (ad3870b89536)
[Subsystems] Discovering subsystems at path C:/Program Files/Unity/Hub/Editor/2021.3.9f1/Editor/Data/Resources/UnitySubsystems
[Subsystems] Discovering subsystems at path C:/Users/m.sah/Documents/Unit-2-Project/Project D/Assets
GfxDevice: creating device client; threaded=0; jobified=0
Direct3D:
    Version:  Direct3D 11.0 [level 11.1]
    Renderer: Intel(R) UHD Graphics 630 (ID=0x3e92)
    Vendor:   Intel
    VRAM:     8082 MB
    Driver:   30.0.101.1692
Initialize mono
Mono path[0] = 'C:/Program Files/Unity/Hub/Editor/2021.3.9f1/Editor/Data/Managed'
Mono path[1] = 'C:/Program Files/Unity/Hub/Editor/2021.3.9f1/Editor/Data/MonoBleedingEdge/lib/mono/unityjit-win32'
Mono config path = 'C:/Program Files/Unity/Hub/Editor/2021.3.9f1/Editor/Data/MonoBleedingEdge/etc'
Using monoOptions --debugger-agent=transport=dt_socket,embedding=1,server=y,suspend=n,address=127.0.0.1:56896
Begin MonoManager ReloadAssembly
Registering precompiled unity dll's ...
Register platform support module: C:/Program Files/Unity/Hub/Editor/2021.3.9f1/Editor/Data/PlaybackEngines/WebGLSupport/UnityEditor.WebGL.Extensions.dll
Register platform support module: C:/Program Files/Unity/Hub/Editor/2021.3.9f1/Editor/Data/PlaybackEngines/WindowsStandaloneSupport/UnityEditor.WindowsStandalone.Extensions.dll
Registered in 0.005872 seconds.
Native extension for WindowsStandalone target not found
Native extension for WebGL target not found
Refreshing native plugins compatible for Editor in 68.68 ms, found 3 plugins.
Preloading 0 native plugins for Editor in 0.00 ms.
Mono: successfully reloaded assembly
- Completed reload, in  0.569 seconds
Domain Reload Profiling:
	ReloadAssembly (569ms)
		BeginReloadAssembly (70ms)
			ExecutionOrderSort (0ms)
			DisableScriptedObjects (0ms)
			BackupInstance (0ms)
			ReleaseScriptingObjects (0ms)
			CreateAndSetChildDomain (1ms)
		EndReloadAssembly (399ms)
			LoadAssemblies (68ms)
			RebuildTransferFunctionScriptingTraits (0ms)
			SetupTypeCache (90ms)
			ReleaseScriptCaches (0ms)
			RebuildScriptCaches (25ms)
			SetupLoadedEditorAssemblies (240ms)
				LogAssemblyErrors (0ms)
				InitializePlatformSupportModulesInManaged (8ms)
				SetLoadedEditorAssemblies (0ms)
				RefreshPlugins (69ms)
				BeforeProcessingInitializeOnLoad (1ms)
				ProcessInitializeOnLoadAttributes (122ms)
				ProcessInitializeOnLoadMethodAttributes (40ms)
				AfterProcessingInitializeOnLoad (0ms)
				EditorAssembliesLoaded (0ms)
			ExecutionOrderSort2 (0ms)
			AwakeInstancesAfterBackupRestoration (0ms)
Platform modules already initialized, skipping
Registering precompiled user dll's ...
Registered in 0.005567 seconds.
Begin MonoManager ReloadAssembly
Symbol file LoadedFromMemory doesn't match image C:\Users\m.sah\Documents\Unit-2-Project\Project D\Library\PackageCache\com.unity.visualscripting@1.7.8\Editor\VisualScripting.Core\Dependencies\YamlDotNet\Unity.VisualScripting.YamlDotNet.dll
Symbol file LoadedFromMemory doesn't match image C:\Users\m.sah\Documents\Unit-2-Project\Project D\Library\PackageCache\com.unity.visualscripting@1.7.8\Editor\VisualScripting.Core\Dependencies\DotNetZip\Unity.VisualScripting.IonicZip.dll
Native extension for WindowsStandalone target not found
Native extension for WebGL target not found
Refreshing native plugins compatible for Editor in 0.52 ms, found 3 plugins.
Preloading 0 native plugins for Editor in 0.00 ms.
Mono: successfully reloaded assembly
- Completed reload, in  0.893 seconds
Domain Reload Profiling:
	ReloadAssembly (894ms)
		BeginReloadAssembly (100ms)
			ExecutionOrderSort (0ms)
			DisableScriptedObjects (6ms)
			BackupInstance (0ms)
			ReleaseScriptingObjects (0ms)
			CreateAndSetChildDomain (16ms)
		EndReloadAssembly (693ms)
			LoadAssemblies (76ms)
			RebuildTransferFunctionScriptingTraits (0ms)
			SetupTypeCache (228ms)
			ReleaseScriptCaches (1ms)
			RebuildScriptCaches (42ms)
			SetupLoadedEditorAssemblies (323ms)
				LogAssemblyErrors (0ms)
				InitializePlatformSupportModulesInManaged (6ms)
				SetLoadedEditorAssemblies (0ms)
				RefreshPlugins (1ms)
				BeforeProcessingInitializeOnLoad (74ms)
				ProcessInitializeOnLoadAttributes (212ms)
				ProcessInitializeOnLoadMethodAttributes (24ms)
				AfterProcessingInitializeOnLoad (6ms)
				EditorAssembliesLoaded (0ms)
			ExecutionOrderSort2 (0ms)
			AwakeInstancesAfterBackupRestoration (5ms)
Platform modules already initialized, skipping
========================================================================
Worker process is ready to serve import requests
Launched and connected shader compiler UnityShaderCompiler.exe after 0.04 seconds
Refreshing native plugins compatible for Editor in 0.51 ms, found 3 plugins.
Preloading 0 native plugins for Editor in 0.00 ms.
Unloading 3382 Unused Serialized files (Serialized files now loaded: 0)
Unloading 27 unused Assets / (111.4 KB). Loaded Objects now: 3839.
Memory consumption went from 118.5 MB to 118.4 MB.
Total: 3.162000 ms (FindLiveObjects: 0.245700 ms CreateObjectMapping: 0.200300 ms MarkObjects: 2.581200 ms  DeleteObjects: 0.134200 ms)

AssetImportParameters requested are different than current active one (requested -> active):
  custom:video-decoder-ogg-theora: a1e56fd34408186e4bbccfd4996cb3dc -> 
  custom:container-muxer-webm: aa71ff27fc2769a1b78a27578f13a17b -> 
  custom:container-demuxer-webm: 4f35f7cbe854078d1ac9338744f61a02 -> 
  custom:video-encoder-webm-vp8: eb34c28f22e8b96e1ab97ce403110664 -> 
  custom:audio-encoder-webm-vorbis: bf7c407c2cedff20999df2af8eb42d56 -> 
  custom:framework-win-MediaFoundation: 216162199b28c13a410421893ffa2e32 -> 
  custom:container-demuxer-ogg: 62fdf1f143b41e24485cea50d1cbac27 -> 
  custom:video-decoder-webm-vp8: 9c59270c3fd7afecdb556c50c9e8de78 -> 
  custom:audio-decoder-ogg-vorbis: bf7c407c2cedff20999df2af8eb42d56 -> 
========================================================================
Received Import Request.
  Time since last request: 172144.486855 seconds.
  path: Assets/Blue_Car.blend
  artifactKey: Guid(759056b0be80d624da9044779ca4c83f) Importer(815301076,1909f56bfc062723c751e8b465ee728b)
Start importing Assets/Blue_Car.blend using Guid(759056b0be80d624da9044779ca4c83f) Importer(815301076,1909f56bfc062723c751e8b465ee728b)  -> (artifact id: '4031a320a1d63604b14e298c8863f5bd') in 0.304516 seconds 
========================================================================
Received Import Request.
  Time since last request: 0.000018 seconds.
  path: Assets/Purple_Car.blend
  artifactKey: Guid(c24c947adffc8b940a2397b7a066bb50) Importer(815301076,1909f56bfc062723c751e8b465ee728b)
Start importing Assets/Purple_Car.blend using Guid(c24c947adffc8b940a2397b7a066bb50) Importer(815301076,1909f56bfc062723c751e8b465ee728b)  -> (artifact id: 'de5c742f6e357fcab989d47caee74906') in 0.193515 seconds 
========================================================================
Received Import Request.
  Time since last request: 0.000030 seconds.
  path: Assets/Red_Car.blend
  artifactKey: Guid(f322c4b91d1dc934586f94d9527b3a7d) Importer(815301076,1909f56bfc062723c751e8b465ee728b)
Start importing Assets/Red_Car.blend using Guid(f322c4b91d1dc934586f94d9527b3a7d) Importer(815301076,1909f56bfc062723c751e8b465ee728b)  -> (artifact id: 'c316b63befa95627d9c3de6bff7d9652') in 0.203438 seconds 
========================================================================
Received Import Request.
  Time since last request: 0.000017 seconds.
  path: Assets/Green_Car.blend
  artifactKey: Guid(abacfb1cd76f5ed4e97021873bec6e18) Importer(815301076,1909f56bfc062723c751e8b465ee728b)
Start importing Assets/Green_Car.blend using Guid(abacfb1cd76f5ed4e97021873bec6e18) Importer(815301076,1909f56bfc062723c751e8b465ee728b)  -> (artifact id: 'dc15605f4cad35e424ff6a34e1a41d0c') in 0.213561 seconds 
========================================================================
Received Import Request.
  Time since last request: 0.000028 seconds.
  path: Assets/Orange_Car.blend
  artifactKey: Guid(08c7ab87fbc52ee46bcd4d3daae7be04) Importer(815301076,1909f56bfc062723c751e8b465ee728b)
Start importing Assets/Orange_Car.blend using Guid(08c7ab87fbc52ee46bcd4d3daae7be04) Importer(815301076,1909f56bfc062723c751e8b465ee728b)  -> (artifact id: 'ed290ee3d9097f56e6791e1295524264') in 0.195795 seconds 
========================================================================
Received Import Request.
  Time since last request: 36.615281 seconds.
  path: Assets/Cars
  artifactKey: Guid(faf41ab86cddbee4cbecdc0143876c50) Importer(815301076,1909f56bfc062723c751e8b465ee728b)
Start importing Assets/Cars using Guid(faf41ab86cddbee4cbecdc0143876c50) Importer(815301076,1909f56bfc062723c751e8b465ee728b)  -> (artifact id: '4fac981487af086be82bb97c88ebb944') in 0.005752 seconds 
========================================================================
Received Import Request.
  Time since last request: 18.190669 seconds.
  path: Assets/Flags
  artifactKey: Guid(f2c898f019dbd6544a99946adc123f10) Importer(815301076,1909f56bfc062723c751e8b465ee728b)
Start importing Assets/Flags using Guid(f2c898f019dbd6544a99946adc123f10) Importer(815301076,1909f56bfc062723c751e8b465ee728b)  -> (artifact id: '0152e16fea376d481e463c4aba1e8a49') in 0.005811 seconds 
========================================================================
Received Import Request.
  Time since last request: 15.254860 seconds.
  path: Assets/Flags/Blue_Flag.blend
  artifactKey: Guid(f0ec2aa6f7cdec44fa3390492ce8bdc3) Importer(815301076,1909f56bfc062723c751e8b465ee728b)
Start importing Assets/Flags/Blue_Flag.blend using Guid(f0ec2aa6f7cdec44fa3390492ce8bdc3) Importer(815301076,1909f56bfc062723c751e8b465ee728b)  -> (artifact id: '0c65a66174307c7c48332d5994202867') in 0.035868 seconds 
========================================================================
Received Import Request.
  Time since last request: 0.000025 seconds.
  path: Assets/Flags/Green_Flag.blend
  artifactKey: Guid(19ddda100cfad1845960ea34a8e929ba) Importer(815301076,1909f56bfc062723c751e8b465ee728b)
Start importing Assets/Flags/Green_Flag.blend using Guid(19ddda100cfad1845960ea34a8e929ba) Importer(815301076,1909f56bfc062723c751e8b465ee728b)  -> (artifact id: '4ca8e68e9a7e52b35e16bf8ed87d003e') in 0.035017 seconds 
========================================================================
Received Import Request.
  Time since last request: 0.000025 seconds.
  path: Assets/Flags/Red_Flag.blend
  artifactKey: Guid(bbb788cfbe79bee4d91ae333a96f56cc) Importer(815301076,1909f56bfc062723c751e8b465ee728b)
Start importing Assets/Flags/Red_Flag.blend using Guid(bbb788cfbe79bee4d91ae333a96f56cc) Importer(815301076,1909f56bfc062723c751e8b465ee728b)  -> (artifact id: 'b573d2e95b2f3a24f956636906b9089a') in 0.071635 seconds 
========================================================================
Received Import Request.
  Time since last request: 0.000063 seconds.
  path: Assets/Flags/Purple_Flag.blend
  artifactKey: Guid(426187d1ffa8f274096f5a819dcbfa17) Importer(815301076,1909f56bfc062723c751e8b465ee728b)
Start importing Assets/Flags/Purple_Flag.blend using Guid(426187d1ffa8f274096f5a819dcbfa17) Importer(815301076,1909f56bfc062723c751e8b465ee728b)  -> (artifact id: 'aace52690397a7c5628cbfe9e7defcb1') in 0.052880 seconds 
========================================================================
Received Import Request.
  Time since last request: 0.000023 seconds.
  path: Assets/Flags/Orange_Flag.blend
  artifactKey: Guid(ea867f1b8f29163498927830bd448b91) Importer(815301076,1909f56bfc062723c751e8b465ee728b)
Start importing Assets/Flags/Orange_Flag.blend using Guid(ea867f1b8f29163498927830bd448b91) Importer(815301076,1909f56bfc062723c751e8b465ee728b)  -> (artifact id: '137b32b925a325264865add4db6eb5eb') in 0.043190 seconds 
========================================================================
Received Import Request.
  Time since last request: 153.270131 seconds.
  path: Assets/Prefabs/Tile.prefab
  artifactKey: Guid(551cbc18d9d237b458ce85accc4d9bd8) Importer(815301076,1909f56bfc062723c751e8b465ee728b)
Start importing Assets/Prefabs/Tile.prefab using Guid(551cbc18d9d237b458ce85accc4d9bd8) Importer(815301076,1909f56bfc062723c751e8b465ee728b)  -> (artifact id: 'dfa902f8c8d82a7d4fd9b6da72963b16') in 0.014554 seconds 
========================================================================
Received Import Request.
  Time since last request: 2.687570 seconds.
  path: Assets/Prefabs/Blue_Car.prefab
  artifactKey: Guid(4ed05c3d16ba3c948b7a11f8848d11b9) Importer(815301076,1909f56bfc062723c751e8b465ee728b)
Start importing Assets/Prefabs/Blue_Car.prefab using Guid(4ed05c3d16ba3c948b7a11f8848d11b9) Importer(815301076,1909f56bfc062723c751e8b465ee728b)  -> (artifact id: '7da6f4faf7ce2a16c262af8346bbf6aa') in 0.015805 seconds 
========================================================================
Received Import Request.
  Time since last request: 2.146796 seconds.
  path: Assets/Prefabs/Green_Car.prefab
  artifactKey: Guid(a9cdafcc8c05eb041b8ba145f024a09a) Importer(815301076,1909f56bfc062723c751e8b465ee728b)
Start importing Assets/Prefabs/Green_Car.prefab using Guid(a9cdafcc8c05eb041b8ba145f024a09a) Importer(815301076,1909f56bfc062723c751e8b465ee728b)  -> (artifact id: '2ce55f24cc5a58a8ae06e765d1ac0b00') in 0.017629 seconds 
========================================================================
Received Import Request.
  Time since last request: 2.017765 seconds.
  path: Assets/Prefabs/Orange_Car.prefab
  artifactKey: Guid(9bc5e9b97e3805a4c85496128c8d54bb) Importer(815301076,1909f56bfc062723c751e8b465ee728b)
Start importing Assets/Prefabs/Orange_Car.prefab using Guid(9bc5e9b97e3805a4c85496128c8d54bb) Importer(815301076,1909f56bfc062723c751e8b465ee728b)  -> (artifact id: '68600a42add633b1d24f962602166472') in 0.016337 seconds 
========================================================================
Received Import Request.
  Time since last request: 1.700304 seconds.
  path: Assets/Prefabs/Purple_Car.prefab
  artifactKey: Guid(faaa7dac380d1184e8020cf6ae7a41f0) Importer(815301076,1909f56bfc062723c751e8b465ee728b)
Start importing Assets/Prefabs/Purple_Car.prefab using Guid(faaa7dac380d1184e8020cf6ae7a41f0) Importer(815301076,1909f56bfc062723c751e8b465ee728b)  -> (artifact id: 'afadcb4cea9960117faa4ba00ef75aaa') in 0.017205 seconds 
========================================================================
Received Import Request.
  Time since last request: 1.789043 seconds.
  path: Assets/Prefabs/Red_Car.prefab
  artifactKey: Guid(2da1f478920b5b44f993e8eafb2ec41e) Importer(815301076,1909f56bfc062723c751e8b465ee728b)
Start importing Assets/Prefabs/Red_Car.prefab using Guid(2da1f478920b5b44f993e8eafb2ec41e) Importer(815301076,1909f56bfc062723c751e8b465ee728b)  -> (artifact id: '4877d943d5ee2d656103f9a685209360') in 0.016564 seconds 
========================================================================
Received Prepare
Registering precompiled user dll's ...
Registered in 0.005005 seconds.
Begin MonoManager ReloadAssembly
Symbol file LoadedFromMemory doesn't match image C:\Users\m.sah\Documents\Unit-2-Project\Project D\Library\PackageCache\com.unity.visualscripting@1.7.8\Editor\VisualScripting.Core\Dependencies\YamlDotNet\Unity.VisualScripting.YamlDotNet.dll
Symbol file LoadedFromMemory doesn't match image C:\Users\m.sah\Documents\Unit-2-Project\Project D\Library\PackageCache\com.unity.visualscripting@1.7.8\Editor\VisualScripting.Core\Dependencies\DotNetZip\Unity.VisualScripting.IonicZip.dll
Native extension for WindowsStandalone target not found
Native extension for WebGL target not found
Refreshing native plugins compatible for Editor in 0.65 ms, found 3 plugins.
Preloading 0 native plugins for Editor in 0.00 ms.
Mono: successfully reloaded assembly
- Completed reload, in  1.347 seconds
Domain Reload Profiling:
	ReloadAssembly (1348ms)
		BeginReloadAssembly (127ms)
			ExecutionOrderSort (0ms)
			DisableScriptedObjects (4ms)
			BackupInstance (0ms)
			ReleaseScriptingObjects (0ms)
			CreateAndSetChildDomain (36ms)
		EndReloadAssembly (1120ms)
			LoadAssemblies (88ms)
			RebuildTransferFunctionScriptingTraits (0ms)
			SetupTypeCache (376ms)
			ReleaseScriptCaches (1ms)
			RebuildScriptCaches (65ms)
			SetupLoadedEditorAssemblies (503ms)
				LogAssemblyErrors (0ms)
				InitializePlatformSupportModulesInManaged (22ms)
				SetLoadedEditorAssemblies (1ms)
				RefreshPlugins (1ms)
				BeforeProcessingInitializeOnLoad (93ms)
				ProcessInitializeOnLoadAttributes (338ms)
				ProcessInitializeOnLoadMethodAttributes (39ms)
				AfterProcessingInitializeOnLoad (9ms)
				EditorAssembliesLoaded (0ms)
			ExecutionOrderSort2 (0ms)
			AwakeInstancesAfterBackupRestoration (10ms)
Platform modules already initialized, skipping
Refreshing native plugins compatible for Editor in 2.50 ms, found 3 plugins.
Preloading 0 native plugins for Editor in 0.00 ms.
Unloading 3377 Unused Serialized files (Serialized files now loaded: 0)
Unloading 20 unused Assets / (78.5 KB). Loaded Objects now: 3886.
Memory consumption went from 123.4 MB to 123.3 MB.
Total: 3.968400 ms (FindLiveObjects: 0.345700 ms CreateObjectMapping: 0.300600 ms MarkObjects: 3.207600 ms  DeleteObjects: 0.113100 ms)

AssetImportParameters requested are different than current active one (requested -> active):
  custom:video-decoder-ogg-theora: a1e56fd34408186e4bbccfd4996cb3dc -> 
  custom:container-muxer-webm: aa71ff27fc2769a1b78a27578f13a17b -> 
  custom:container-demuxer-webm: 4f35f7cbe854078d1ac9338744f61a02 -> 
  custom:video-encoder-webm-vp8: eb34c28f22e8b96e1ab97ce403110664 -> 
  custom:audio-encoder-webm-vorbis: bf7c407c2cedff20999df2af8eb42d56 -> 
  custom:framework-win-MediaFoundation: 216162199b28c13a410421893ffa2e32 -> 
  custom:container-demuxer-ogg: 62fdf1f143b41e24485cea50d1cbac27 -> 
  custom:video-decoder-webm-vp8: 9c59270c3fd7afecdb556c50c9e8de78 -> 
  custom:audio-decoder-ogg-vorbis: bf7c407c2cedff20999df2af8eb42d56 -> 
========================================================================
Received Import Request.
  Time since last request: 54.085997 seconds.
  path: Assets/Prefabs/Cars
  artifactKey: Guid(b7204a337e756f54ab6d688b3192b1d4) Importer(815301076,1909f56bfc062723c751e8b465ee728b)
Start importing Assets/Prefabs/Cars using Guid(b7204a337e756f54ab6d688b3192b1d4) Importer(815301076,1909f56bfc062723c751e8b465ee728b)  -> (artifact id: '9307dcc12dda31f936d57fc02019f649') in 0.006855 seconds 
========================================================================
Received Import Request.
  Time since last request: 21.414962 seconds.
  path: Assets/Prefabs/Flags
  artifactKey: Guid(23ad19cd55b7fba4bb9d071575c0adbc) Importer(815301076,1909f56bfc062723c751e8b465ee728b)
Start importing Assets/Prefabs/Flags using Guid(23ad19cd55b7fba4bb9d071575c0adbc) Importer(815301076,1909f56bfc062723c751e8b465ee728b)  -> (artifact id: '187dbb4eb8c37027f8faa4e5682f2ba1') in 0.002122 seconds 
========================================================================
Received Import Request.
  Time since last request: 116.647160 seconds.
  path: Assets/Prefabs/Flags/Orange_Flag.prefab
  artifactKey: Guid(ac95dc75931d18243bc289b572b44a60) Importer(815301076,1909f56bfc062723c751e8b465ee728b)
Start importing Assets/Prefabs/Flags/Orange_Flag.prefab using Guid(ac95dc75931d18243bc289b572b44a60) Importer(815301076,1909f56bfc062723c751e8b465ee728b)  -> (artifact id: '7c4ef0b9829245db3c98bf3b26b9a73c') in 0.074357 seconds 
========================================================================
Received Import Request.
  Time since last request: 0.000053 seconds.
  path: Assets/Prefabs/Flags/Purple_Flag.prefab
  artifactKey: Guid(f61f061a73db98c4e97a2d4b79877ce8) Importer(815301076,1909f56bfc062723c751e8b465ee728b)
Start importing Assets/Prefabs/Flags/Purple_Flag.prefab using Guid(f61f061a73db98c4e97a2d4b79877ce8) Importer(815301076,1909f56bfc062723c751e8b465ee728b)  -> (artifact id: 'e8f15656e4a5f9aa9e4713e5bddc56bc') in 0.016824 seconds 
========================================================================
Received Import Request.
  Time since last request: 0.000060 seconds.
  path: Assets/Prefabs/Flags/Green_Flag.prefab
  artifactKey: Guid(2d7b28f0079a5b04ba8587c06f5c3afd) Importer(815301076,1909f56bfc062723c751e8b465ee728b)
Start importing Assets/Prefabs/Flags/Green_Flag.prefab using Guid(2d7b28f0079a5b04ba8587c06f5c3afd) Importer(815301076,1909f56bfc062723c751e8b465ee728b)  -> (artifact id: '705f577c65e855c20ba22effb7e27351') in 0.013120 seconds 
========================================================================
Received Import Request.
  Time since last request: 0.000029 seconds.
  path: Assets/Prefabs/Flags/Red_Flag.prefab
  artifactKey: Guid(2a3a55d2fc24d674d93c25eaeabf7895) Importer(815301076,1909f56bfc062723c751e8b465ee728b)
Start importing Assets/Prefabs/Flags/Red_Flag.prefab using Guid(2a3a55d2fc24d674d93c25eaeabf7895) Importer(815301076,1909f56bfc062723c751e8b465ee728b)  -> (artifact id: '4067bd7485313d02c93ad1a0a3d02064') in 0.016522 seconds 
========================================================================
Received Import Request.
  Time since last request: 0.000027 seconds.
  path: Assets/Prefabs/Flags/Blue_Flag.prefab
  artifactKey: Guid(a00808a251e58b5498ac7e5006dbc3d2) Importer(815301076,1909f56bfc062723c751e8b465ee728b)
Start importing Assets/Prefabs/Flags/Blue_Flag.prefab using Guid(a00808a251e58b5498ac7e5006dbc3d2) Importer(815301076,1909f56bfc062723c751e8b465ee728b)  -> (artifact id: 'cad3b95f21af4aeb0c094170968cc599') in 0.026405 seconds 
